INFO :Mon Mar 22 2021 18:03:38 GMT+0530 (India Standard Time): POST /api/trade to add a new trade
INFO :Mon Mar 22 2021 18:04:55 GMT+0530 (India Standard Time): POST /api/trade to add a new trade
INFO :Mon Mar 22 2021 18:11:17 GMT+0530 (India Standard Time): POST /api/trade to add a new trade
INFO :Mon Mar 22 2021 18:12:31 GMT+0530 (India Standard Time): POST /api/trade to add a new trade
INFO :Mon Mar 22 2021 18:23:58 GMT+0530 (India Standard Time): POST /api/trade to add a new trade
ERROR :Mon Mar 22 2021 18:23:58 GMT+0530 (India Standard Time): something went wrong TypeError: Cannot read property 'find' of undefined
INFO :Mon Mar 22 2021 18:35:19 GMT+0530 (India Standard Time): POST /api/trade to add a new trade
ERROR :Mon Mar 22 2021 18:35:19 GMT+0530 (India Standard Time): something went wrong TypeError: Cannot read property 'find' of undefined
INFO :Mon Mar 22 2021 18:39:55 GMT+0530 (India Standard Time): POST /api/trade to add a new trade
ERROR :Mon Mar 22 2021 18:39:55 GMT+0530 (India Standard Time): something went wrong SequelizeUniqueConstraintError: Validation error
INFO :Mon Mar 22 2021 18:42:12 GMT+0530 (India Standard Time): POST /api/trade to add a new trade
ERROR :Mon Mar 22 2021 18:42:12 GMT+0530 (India Standard Time): something went wrong TypeError: Cannot read property 'find' of undefined
INFO :Mon Mar 22 2021 18:47:35 GMT+0530 (India Standard Time): POST /api/trade to add a new trade
ERROR :Mon Mar 22 2021 18:47:35 GMT+0530 (India Standard Time): something went wrong TypeError: Cannot read property 'find' of undefined
INFO :Mon Mar 22 2021 18:48:53 GMT+0530 (India Standard Time): POST /api/trade to add a new trade
ERROR :Mon Mar 22 2021 18:48:53 GMT+0530 (India Standard Time): something went wrong ReferenceError: returns_amt is not defined
INFO :Mon Mar 22 2021 18:50:23 GMT+0530 (India Standard Time): POST /api/trade to add a new trade
ERROR :Mon Mar 22 2021 18:50:23 GMT+0530 (India Standard Time): something went wrong ReferenceError: returns_amt is not defined
INFO :Mon Mar 22 2021 18:51:47 GMT+0530 (India Standard Time): POST /api/trade to add a new trade
ERROR :Mon Mar 22 2021 18:51:47 GMT+0530 (India Standard Time): something went wrong ReferenceError: returns_amt is not defined
INFO :Mon Mar 22 2021 18:53:16 GMT+0530 (India Standard Time): POST /api/trade to add a new trade
ERROR :Mon Mar 22 2021 18:53:16 GMT+0530 (India Standard Time): something went wrong ReferenceError: eq is not defined
INFO :Mon Mar 22 2021 18:53:41 GMT+0530 (India Standard Time): POST /api/trade to add a new trade
INFO :Mon Mar 22 2021 18:53:42 GMT+0530 (India Standard Time): Trade added in 362ms
INFO :Mon Mar 22 2021 18:54:42 GMT+0530 (India Standard Time): GET /api/trade to get all the trades
INFO :Mon Mar 22 2021 18:54:42 GMT+0530 (India Standard Time): Got all Trades in 29ms
INFO :Mon Mar 22 2021 18:57:08 GMT+0530 (India Standard Time): POST /api/trade to add a new trade
INFO :Mon Mar 22 2021 18:57:08 GMT+0530 (India Standard Time): Trade added in 121ms
INFO :Mon Mar 22 2021 18:57:13 GMT+0530 (India Standard Time): GET /api/trade to get all the trades
INFO :Mon Mar 22 2021 18:57:13 GMT+0530 (India Standard Time): Got all Trades in 13ms
DEBUG :Mon Mar 22 2021 19:09:54 GMT+0530 (India Standard Time): GET /api/trade/id
ERROR :Mon Mar 22 2021 19:09:54 GMT+0530 (India Standard Time): something went wrong ReferenceError: Trade is not defined
DEBUG :Mon Mar 22 2021 19:10:59 GMT+0530 (India Standard Time): GET /api/trade/portfolio
INFO :Mon Mar 22 2021 19:10:59 GMT+0530 (India Standard Time): Trade Details fetched in 84ms
DEBUG :Mon Mar 22 2021 19:11:15 GMT+0530 (India Standard Time): GET /api/trade/returns
INFO :Mon Mar 22 2021 19:11:15 GMT+0530 (India Standard Time): Returns Details fetched in 61ms
DEBUG :Mon Mar 22 2021 19:25:30 GMT+0530 (India Standard Time): DELETE /api/trade/portfolio
ERROR :Mon Mar 22 2021 19:25:30 GMT+0530 (India Standard Time): something went wrong ReferenceError: Trade is not defined
DEBUG :Mon Mar 22 2021 19:27:01 GMT+0530 (India Standard Time): GET /api/trade/portfolio
INFO :Mon Mar 22 2021 19:27:01 GMT+0530 (India Standard Time): Trade Details fetched in 40ms
INFO :Mon Mar 22 2021 19:27:05 GMT+0530 (India Standard Time): GET /api/trade to get all the trades
INFO :Mon Mar 22 2021 19:27:05 GMT+0530 (India Standard Time): Got all Trades in 23ms
DEBUG :Mon Mar 22 2021 19:27:08 GMT+0530 (India Standard Time): DELETE /api/trade/portfolio
ERROR :Mon Mar 22 2021 19:27:08 GMT+0530 (India Standard Time): something went wrong ReferenceError: Trade is not defined
DEBUG :Mon Mar 22 2021 19:34:34 GMT+0530 (India Standard Time): DELETE /api/trade/portfolio
ERROR :Mon Mar 22 2021 19:34:34 GMT+0530 (India Standard Time): something went wrong ReferenceError: Trade is not defined
DEBUG :Mon Mar 22 2021 19:35:58 GMT+0530 (India Standard Time): DELETE /api/trade/portfolio
ERROR :Mon Mar 22 2021 19:35:58 GMT+0530 (India Standard Time): something went wrong ReferenceError: Trade is not defined
ERROR :Mon Mar 22 2021 19:35:58 GMT+0530 (India Standard Time): Trade rollack not possile as user doesn't own stock 
DEBUG :Mon Mar 22 2021 19:36:39 GMT+0530 (India Standard Time): DELETE /api/trade/portfolio
ERROR :Mon Mar 22 2021 19:36:39 GMT+0530 (India Standard Time): Trade rollack not possile as user doesn't own stock 
ERROR :Mon Mar 22 2021 19:36:39 GMT+0530 (India Standard Time): something went wrong ReferenceError: endTime is not defined
DEBUG :Mon Mar 22 2021 19:37:32 GMT+0530 (India Standard Time): DELETE /api/trade/portfolio
INFO :Mon Mar 22 2021 19:37:32 GMT+0530 (India Standard Time): Trade deleted in 34ms
ERROR :Mon Mar 22 2021 19:37:32 GMT+0530 (India Standard Time): Trade rollack not possile as user doesn't own stock 
DEBUG :Mon Mar 22 2021 19:37:37 GMT+0530 (India Standard Time): GET /api/trade/returns
INFO :Mon Mar 22 2021 19:37:38 GMT+0530 (India Standard Time): Returns Details fetched in 21ms
DEBUG :Mon Mar 22 2021 19:37:42 GMT+0530 (India Standard Time): GET /api/trade/portfolio
INFO :Mon Mar 22 2021 19:37:42 GMT+0530 (India Standard Time): Trade Details fetched in 6ms
INFO :Mon Mar 22 2021 19:37:45 GMT+0530 (India Standard Time): GET /api/trade to get all the trades
INFO :Mon Mar 22 2021 19:37:45 GMT+0530 (India Standard Time): Got all Trades in 11ms
INFO :Mon Mar 22 2021 19:37:48 GMT+0530 (India Standard Time): POST /api/trade to add a new trade
INFO :Mon Mar 22 2021 19:37:49 GMT+0530 (India Standard Time): Trade added in 146ms
INFO :Mon Mar 22 2021 19:37:52 GMT+0530 (India Standard Time): GET /api/trade to get all the trades
INFO :Mon Mar 22 2021 19:37:52 GMT+0530 (India Standard Time): Got all Trades in 4ms
DEBUG :Mon Mar 22 2021 19:37:56 GMT+0530 (India Standard Time): GET /api/trade/portfolio
INFO :Mon Mar 22 2021 19:37:56 GMT+0530 (India Standard Time): Trade Details fetched in 6ms
DEBUG :Mon Mar 22 2021 19:37:59 GMT+0530 (India Standard Time): GET /api/trade/returns
INFO :Mon Mar 22 2021 19:37:59 GMT+0530 (India Standard Time): Returns Details fetched in 4ms
DEBUG :Mon Mar 22 2021 19:38:06 GMT+0530 (India Standard Time): DELETE /api/trade/portfolio
ERROR :Mon Mar 22 2021 19:38:06 GMT+0530 (India Standard Time): Trade rollack not possile as user doesn't own stock 
INFO :Mon Mar 22 2021 19:38:07 GMT+0530 (India Standard Time): Trade deleted in 115ms
DEBUG :Mon Mar 22 2021 19:38:09 GMT+0530 (India Standard Time): GET /api/trade/returns
INFO :Mon Mar 22 2021 19:38:09 GMT+0530 (India Standard Time): Returns Details fetched in 4ms
DEBUG :Mon Mar 22 2021 19:38:12 GMT+0530 (India Standard Time): GET /api/trade/portfolio
INFO :Mon Mar 22 2021 19:38:12 GMT+0530 (India Standard Time): Trade Details fetched in 5ms
INFO :Mon Mar 22 2021 19:39:35 GMT+0530 (India Standard Time): POST /api/trade to add a new trade
INFO :Mon Mar 22 2021 19:39:35 GMT+0530 (India Standard Time): Trade added in 167ms
INFO :Mon Mar 22 2021 19:39:39 GMT+0530 (India Standard Time): GET /api/trade to get all the trades
INFO :Mon Mar 22 2021 19:39:39 GMT+0530 (India Standard Time): Got all Trades in 12ms
DEBUG :Mon Mar 22 2021 19:39:45 GMT+0530 (India Standard Time): GET /api/trade/portfolio
INFO :Mon Mar 22 2021 19:39:45 GMT+0530 (India Standard Time): Trade Details fetched in 12ms
DEBUG :Mon Mar 22 2021 19:39:49 GMT+0530 (India Standard Time): GET /api/trade/returns
INFO :Mon Mar 22 2021 19:39:49 GMT+0530 (India Standard Time): Returns Details fetched in 10ms
DEBUG :Mon Mar 22 2021 19:39:52 GMT+0530 (India Standard Time): DELETE /api/trade/portfolio
ERROR :Mon Mar 22 2021 19:39:52 GMT+0530 (India Standard Time): Trade rollack not possile as user doesn't own stock 
INFO :Mon Mar 22 2021 19:39:52 GMT+0530 (India Standard Time): Trade deleted in 70ms
DEBUG :Mon Mar 22 2021 19:39:55 GMT+0530 (India Standard Time): GET /api/trade/returns
INFO :Mon Mar 22 2021 19:39:55 GMT+0530 (India Standard Time): Returns Details fetched in 8ms
DEBUG :Mon Mar 22 2021 19:39:57 GMT+0530 (India Standard Time): GET /api/trade/portfolio
INFO :Mon Mar 22 2021 19:39:57 GMT+0530 (India Standard Time): Trade Details fetched in 4ms
INFO :Mon Mar 22 2021 19:40:00 GMT+0530 (India Standard Time): GET /api/trade to get all the trades
INFO :Mon Mar 22 2021 19:40:00 GMT+0530 (India Standard Time): Got all Trades in 4ms
INFO :Mon Mar 22 2021 19:42:08 GMT+0530 (India Standard Time): POST /api/trade to add a new trade
INFO :Mon Mar 22 2021 19:42:08 GMT+0530 (India Standard Time): Trade added in 126ms
INFO :Mon Mar 22 2021 19:42:10 GMT+0530 (India Standard Time): GET /api/trade to get all the trades
INFO :Mon Mar 22 2021 19:42:10 GMT+0530 (India Standard Time): Got all Trades in 8ms
DEBUG :Mon Mar 22 2021 19:42:13 GMT+0530 (India Standard Time): GET /api/trade/portfolio
INFO :Mon Mar 22 2021 19:42:13 GMT+0530 (India Standard Time): Trade Details fetched in 11ms
DEBUG :Mon Mar 22 2021 19:42:21 GMT+0530 (India Standard Time): DELETE /api/trade/portfolio
ERROR :Mon Mar 22 2021 19:42:21 GMT+0530 (India Standard Time): Trade rollack not possile as user doesn't own stock 
ERROR :Mon Mar 22 2021 19:42:21 GMT+0530 (India Standard Time): something went wrong ReferenceError: e is not defined
INFO :Mon Mar 22 2021 19:43:51 GMT+0530 (India Standard Time): POST /api/trade to add a new trade
INFO :Mon Mar 22 2021 19:43:51 GMT+0530 (India Standard Time): Trade added in 153ms
INFO :Mon Mar 22 2021 19:43:54 GMT+0530 (India Standard Time): GET /api/trade to get all the trades
INFO :Mon Mar 22 2021 19:43:54 GMT+0530 (India Standard Time): Got all Trades in 21ms
DEBUG :Mon Mar 22 2021 19:43:59 GMT+0530 (India Standard Time): GET /api/trade/portfolio
INFO :Mon Mar 22 2021 19:43:59 GMT+0530 (India Standard Time): Trade Details fetched in 14ms
DEBUG :Mon Mar 22 2021 19:44:02 GMT+0530 (India Standard Time): GET /api/trade/returns
INFO :Mon Mar 22 2021 19:44:02 GMT+0530 (India Standard Time): Returns Details fetched in 7ms
DEBUG :Mon Mar 22 2021 19:44:04 GMT+0530 (India Standard Time): DELETE /api/trade/portfolio
ERROR :Mon Mar 22 2021 19:44:04 GMT+0530 (India Standard Time): Trade rollack not possile as user doesn't own stock 
ERROR :Mon Mar 22 2021 19:44:04 GMT+0530 (India Standard Time): something went wrong 
DEBUG :Mon Mar 22 2021 19:44:59 GMT+0530 (India Standard Time): DELETE /api/trade/portfolio
INFO :Mon Mar 22 2021 19:44:59 GMT+0530 (India Standard Time): Trade rollacked ms
INFO :Mon Mar 22 2021 19:44:59 GMT+0530 (India Standard Time): Trade deleted in 226ms
DEBUG :Mon Mar 22 2021 19:45:04 GMT+0530 (India Standard Time): GET /api/trade/returns
INFO :Mon Mar 22 2021 19:45:04 GMT+0530 (India Standard Time): Returns Details fetched in 5ms
DEBUG :Mon Mar 22 2021 19:45:08 GMT+0530 (India Standard Time): GET /api/trade/portfolio
INFO :Mon Mar 22 2021 19:45:08 GMT+0530 (India Standard Time): Trade Details fetched in 7ms
INFO :Mon Mar 22 2021 19:45:14 GMT+0530 (India Standard Time): GET /api/trade to get all the trades
INFO :Mon Mar 22 2021 19:45:14 GMT+0530 (India Standard Time): Got all Trades in 9ms
INFO :Mon Mar 22 2021 19:51:12 GMT+0530 (India Standard Time): POST /api/trade to add a new trade
INFO :Mon Mar 22 2021 19:51:12 GMT+0530 (India Standard Time): Trade added in 168ms
INFO :Mon Mar 22 2021 19:51:15 GMT+0530 (India Standard Time): GET /api/trade to get all the trades
INFO :Mon Mar 22 2021 19:51:15 GMT+0530 (India Standard Time): Got all Trades in 14ms
DEBUG :Mon Mar 22 2021 19:51:21 GMT+0530 (India Standard Time): GET /api/trade/portfolio
INFO :Mon Mar 22 2021 19:51:21 GMT+0530 (India Standard Time): Trade Details fetched in 8ms
DEBUG :Mon Mar 22 2021 19:51:33 GMT+0530 (India Standard Time): GET /api/trade/returns
INFO :Mon Mar 22 2021 19:51:33 GMT+0530 (India Standard Time): Returns Details fetched in 6ms
DEBUG :Mon Mar 22 2021 19:51:35 GMT+0530 (India Standard Time): GET /api/trade/portfolio
INFO :Mon Mar 22 2021 19:51:35 GMT+0530 (India Standard Time): Trade Details fetched in 5ms
INFO :Mon Mar 22 2021 19:53:10 GMT+0530 (India Standard Time): POST /api/trade to add a new trade
INFO :Mon Mar 22 2021 19:53:10 GMT+0530 (India Standard Time): Trade added in 137ms
INFO :Mon Mar 22 2021 19:53:13 GMT+0530 (India Standard Time): GET /api/trade to get all the trades
INFO :Mon Mar 22 2021 19:53:13 GMT+0530 (India Standard Time): Got all Trades in 14ms
DEBUG :Mon Mar 22 2021 19:53:15 GMT+0530 (India Standard Time): GET /api/trade/portfolio
INFO :Mon Mar 22 2021 19:53:15 GMT+0530 (India Standard Time): Trade Details fetched in 11ms
DEBUG :Mon Mar 22 2021 19:53:18 GMT+0530 (India Standard Time): GET /api/trade/returns
INFO :Mon Mar 22 2021 19:53:18 GMT+0530 (India Standard Time): Returns Details fetched in 6ms
INFO :Mon Mar 22 2021 19:55:17 GMT+0530 (India Standard Time): POST /api/trade to add a new trade
INFO :Mon Mar 22 2021 19:55:17 GMT+0530 (India Standard Time): Trade added in 142ms
INFO :Mon Mar 22 2021 19:55:26 GMT+0530 (India Standard Time): GET /api/trade to get all the trades
INFO :Mon Mar 22 2021 19:55:26 GMT+0530 (India Standard Time): Got all Trades in 15ms
DEBUG :Mon Mar 22 2021 19:55:29 GMT+0530 (India Standard Time): GET /api/trade/portfolio
INFO :Mon Mar 22 2021 19:55:29 GMT+0530 (India Standard Time): Trade Details fetched in 14ms
INFO :Mon Mar 22 2021 19:56:21 GMT+0530 (India Standard Time): POST /api/trade to add a new trade
INFO :Mon Mar 22 2021 19:56:22 GMT+0530 (India Standard Time): Trade added
INFO :Mon Mar 22 2021 19:56:22 GMT+0530 (India Standard Time): Trade added in 223ms
INFO :Mon Mar 22 2021 19:56:26 GMT+0530 (India Standard Time): GET /api/trade to get all the trades
INFO :Mon Mar 22 2021 19:56:26 GMT+0530 (India Standard Time): Got all Trades in 12ms
DEBUG :Mon Mar 22 2021 19:56:28 GMT+0530 (India Standard Time): GET /api/trade/portfolio
INFO :Mon Mar 22 2021 19:56:28 GMT+0530 (India Standard Time): Trade Details fetched in 8ms
DEBUG :Mon Mar 22 2021 19:56:32 GMT+0530 (India Standard Time): GET /api/trade/returns
INFO :Mon Mar 22 2021 19:56:32 GMT+0530 (India Standard Time): Returns Details fetched in 5ms
DEBUG :Mon Mar 22 2021 19:56:34 GMT+0530 (India Standard Time): DELETE /api/trade/portfolio
ERROR :Mon Mar 22 2021 19:56:34 GMT+0530 (India Standard Time): something went wrong TypeError: Cannot read property 'tickr' of null
INFO :Mon Mar 22 2021 19:59:55 GMT+0530 (India Standard Time): POST /api/trade to add a new trade
INFO :Mon Mar 22 2021 19:59:56 GMT+0530 (India Standard Time): New Trade added as no entry for this stock in holdings
INFO :Mon Mar 22 2021 19:59:56 GMT+0530 (India Standard Time): Trade added in 166ms
DEBUG :Mon Mar 22 2021 20:00:31 GMT+0530 (India Standard Time): GET /api/trade/portfolio
INFO :Mon Mar 22 2021 20:00:31 GMT+0530 (India Standard Time): Trade Details fetched in 9ms
DEBUG :Mon Mar 22 2021 20:00:36 GMT+0530 (India Standard Time): GET /api/trade/returns
INFO :Mon Mar 22 2021 20:00:36 GMT+0530 (India Standard Time): Returns Details fetched in 6ms
DEBUG :Mon Mar 22 2021 20:01:32 GMT+0530 (India Standard Time): GET /api/trade/portfolio
INFO :Mon Mar 22 2021 20:01:32 GMT+0530 (India Standard Time): Trade Details fetched in 42ms
DEBUG :Mon Mar 22 2021 20:02:29 GMT+0530 (India Standard Time): GET /api/trade/portfolio
INFO :Mon Mar 22 2021 20:02:29 GMT+0530 (India Standard Time): Trade Not Found
INFO :Mon Mar 22 2021 20:07:06 GMT+0530 (India Standard Time): POST /api/trade to add a new trade
ERROR :Mon Mar 22 2021 20:07:06 GMT+0530 (India Standard Time): something went wrong TypeError: Cannot read property 'holdings' of null
INFO :Mon Mar 22 2021 20:07:55 GMT+0530 (India Standard Time): POST /api/trade to add a new trade
INFO :Mon Mar 22 2021 20:07:55 GMT+0530 (India Standard Time): Trade added in 324ms
INFO :Mon Mar 22 2021 20:08:02 GMT+0530 (India Standard Time): GET /api/trade to get all the trades
INFO :Mon Mar 22 2021 20:08:02 GMT+0530 (India Standard Time): Got all Trades in 13ms
DEBUG :Mon Mar 22 2021 20:08:04 GMT+0530 (India Standard Time): GET /api/trade/portfolio
INFO :Mon Mar 22 2021 20:08:04 GMT+0530 (India Standard Time): Trade Details fetched in 8ms
DEBUG :Mon Mar 22 2021 20:08:10 GMT+0530 (India Standard Time): GET /api/trade/returns
INFO :Mon Mar 22 2021 20:08:10 GMT+0530 (India Standard Time): Returns Details fetched in 8ms
INFO :Mon Mar 22 2021 20:08:37 GMT+0530 (India Standard Time): POST /api/trade to add a new trade
INFO :Mon Mar 22 2021 20:08:37 GMT+0530 (India Standard Time): New Trade added as no entry for this stock in holdings
INFO :Mon Mar 22 2021 20:08:37 GMT+0530 (India Standard Time): Trade added in 197ms
INFO :Mon Mar 22 2021 20:08:40 GMT+0530 (India Standard Time): GET /api/trade to get all the trades
INFO :Mon Mar 22 2021 20:08:40 GMT+0530 (India Standard Time): Got all Trades in 13ms
DEBUG :Mon Mar 22 2021 20:08:44 GMT+0530 (India Standard Time): GET /api/trade/portfolio
INFO :Mon Mar 22 2021 20:08:44 GMT+0530 (India Standard Time): Trade Details fetched in 8ms
INFO :Mon Mar 22 2021 20:16:13 GMT+0530 (India Standard Time): POST /api/trade to add a new trade
INFO :Mon Mar 22 2021 20:16:14 GMT+0530 (India Standard Time): Trade added in 344ms
INFO :Mon Mar 22 2021 20:16:19 GMT+0530 (India Standard Time): GET /api/trade to get all the trades
INFO :Mon Mar 22 2021 20:16:19 GMT+0530 (India Standard Time): Got all Trades in 12ms
INFO :Mon Mar 22 2021 20:19:05 GMT+0530 (India Standard Time): GET /api/trade to get all the trades
INFO :Mon Mar 22 2021 20:19:05 GMT+0530 (India Standard Time): Got all Trades in 16ms
INFO :Mon Mar 22 2021 20:19:08 GMT+0530 (India Standard Time): POST /api/trade to add a new trade
INFO :Mon Mar 22 2021 20:19:09 GMT+0530 (India Standard Time): Trade added in 378ms
INFO :Mon Mar 22 2021 20:19:19 GMT+0530 (India Standard Time): GET /api/trade to get all the trades
INFO :Mon Mar 22 2021 20:19:19 GMT+0530 (India Standard Time): Got all Trades in 9ms
DEBUG :Mon Mar 22 2021 20:19:23 GMT+0530 (India Standard Time): GET /api/trade/portfolio
INFO :Mon Mar 22 2021 20:19:23 GMT+0530 (India Standard Time): Trade Details fetched in 9ms
DEBUG :Mon Mar 22 2021 20:19:30 GMT+0530 (India Standard Time): GET /api/trade/returns
INFO :Mon Mar 22 2021 20:19:30 GMT+0530 (India Standard Time): Returns Details fetched in 8ms
INFO :Mon Mar 22 2021 20:19:53 GMT+0530 (India Standard Time): POST /api/trade to add a new trade
ERROR :Mon Mar 22 2021 20:19:53 GMT+0530 (India Standard Time): something went wrong ReferenceError: Invalid left-hand side in assignment
ERROR :Mon Mar 22 2021 20:19:53 GMT+0530 (India Standard Time): Failed to add Trade in 92ms
INFO :Mon Mar 22 2021 20:20:59 GMT+0530 (India Standard Time): POST /api/trade to add a new trade
ERROR :Mon Mar 22 2021 20:20:59 GMT+0530 (India Standard Time): something went wrong ReferenceError: Invalid left-hand side in assignment
ERROR :Mon Mar 22 2021 20:20:59 GMT+0530 (India Standard Time): Failed to add Trade in 157ms
INFO :Mon Mar 22 2021 20:25:11 GMT+0530 (India Standard Time): POST /api/trade to add a new trade
ERROR :Mon Mar 22 2021 20:25:11 GMT+0530 (India Standard Time): something went wrong ReferenceError: Invalid left-hand side in assignment
ERROR :Mon Mar 22 2021 20:25:11 GMT+0530 (India Standard Time): Failed to add Trade in 153ms
INFO :Mon Mar 22 2021 20:26:21 GMT+0530 (India Standard Time): POST /api/trade to add a new trade
ERROR :Mon Mar 22 2021 20:26:21 GMT+0530 (India Standard Time): something went wrong ReferenceError: Invalid left-hand side in assignment
ERROR :Mon Mar 22 2021 20:26:21 GMT+0530 (India Standard Time): Failed to add Trade in 144ms
INFO :Mon Mar 22 2021 20:27:22 GMT+0530 (India Standard Time): POST /api/trade to add a new trade
ERROR :Mon Mar 22 2021 20:27:22 GMT+0530 (India Standard Time): something went wrong ReferenceError: Invalid left-hand side in assignment
ERROR :Mon Mar 22 2021 20:27:22 GMT+0530 (India Standard Time): Failed to add Trade in 124ms
INFO :Mon Mar 22 2021 20:29:17 GMT+0530 (India Standard Time): POST /api/trade to add a new trade
ERROR :Mon Mar 22 2021 20:29:17 GMT+0530 (India Standard Time): something went wrong ReferenceError: Invalid left-hand side in assignment
ERROR :Mon Mar 22 2021 20:29:17 GMT+0530 (India Standard Time): Failed to add Trade in 223ms
INFO :Mon Mar 22 2021 20:29:34 GMT+0530 (India Standard Time): POST /api/trade to add a new trade
ERROR :Mon Mar 22 2021 20:29:34 GMT+0530 (India Standard Time): something went wrong ReferenceError: Invalid left-hand side in assignment
ERROR :Mon Mar 22 2021 20:29:34 GMT+0530 (India Standard Time): Failed to add Trade in 183ms
INFO :Mon Mar 22 2021 20:30:02 GMT+0530 (India Standard Time): POST /api/trade to add a new trade
ERROR :Mon Mar 22 2021 20:30:02 GMT+0530 (India Standard Time): something went wrong ReferenceError: Invalid left-hand side in assignment
ERROR :Mon Mar 22 2021 20:30:02 GMT+0530 (India Standard Time): Failed to add Trade in 129ms
INFO :Mon Mar 22 2021 20:31:33 GMT+0530 (India Standard Time): POST /api/trade to add a new trade
ERROR :Mon Mar 22 2021 20:31:33 GMT+0530 (India Standard Time): something went wrong ReferenceError: Invalid left-hand side in assignment
ERROR :Mon Mar 22 2021 20:31:33 GMT+0530 (India Standard Time): Failed to add Trade in 157ms
INFO :Mon Mar 22 2021 20:33:02 GMT+0530 (India Standard Time): POST /api/trade to add a new trade
INFO :Mon Mar 22 2021 20:33:02 GMT+0530 (India Standard Time): New Trade added as no entry for this stock in holdings
INFO :Mon Mar 22 2021 20:33:02 GMT+0530 (India Standard Time): Trade added in 144ms
INFO :Mon Mar 22 2021 20:33:06 GMT+0530 (India Standard Time): GET /api/trade to get all the trades
INFO :Mon Mar 22 2021 20:33:06 GMT+0530 (India Standard Time): Got all Trades in 15ms
DEBUG :Mon Mar 22 2021 20:33:09 GMT+0530 (India Standard Time): GET /api/trade/portfolio
INFO :Mon Mar 22 2021 20:33:09 GMT+0530 (India Standard Time): Trade Details fetched in 9ms
INFO :Mon Mar 22 2021 20:33:31 GMT+0530 (India Standard Time): POST /api/trade to add a new trade
ERROR :Mon Mar 22 2021 20:33:32 GMT+0530 (India Standard Time): something went wrong ReferenceError: data is not defined
ERROR :Mon Mar 22 2021 20:33:32 GMT+0530 (India Standard Time): Failed to add Trade in 160ms
INFO :Mon Mar 22 2021 20:34:45 GMT+0530 (India Standard Time): POST /api/trade to add a new trade
INFO :Mon Mar 22 2021 20:34:46 GMT+0530 (India Standard Time): Trade added, stock already present
INFO :Mon Mar 22 2021 20:34:46 GMT+0530 (India Standard Time): Trade added in 160ms
DEBUG :Mon Mar 22 2021 20:34:49 GMT+0530 (India Standard Time): GET /api/trade/portfolio
INFO :Mon Mar 22 2021 20:34:49 GMT+0530 (India Standard Time): Trade Details fetched in 4ms
INFO :Mon Mar 22 2021 20:36:04 GMT+0530 (India Standard Time): POST /api/trade to add a new trade
INFO :Mon Mar 22 2021 20:36:05 GMT+0530 (India Standard Time): Trade added in 297ms
INFO :Mon Mar 22 2021 20:36:09 GMT+0530 (India Standard Time): GET /api/trade to get all the trades
INFO :Mon Mar 22 2021 20:36:09 GMT+0530 (India Standard Time): Got all Trades in 27ms
DEBUG :Mon Mar 22 2021 20:36:12 GMT+0530 (India Standard Time): GET /api/trade/portfolio
INFO :Mon Mar 22 2021 20:36:12 GMT+0530 (India Standard Time): Trade Details fetched in 8ms
INFO :Mon Mar 22 2021 20:36:40 GMT+0530 (India Standard Time): POST /api/trade to add a new trade
INFO :Mon Mar 22 2021 20:36:40 GMT+0530 (India Standard Time): New Trade added as no entry for this stock in holdings
INFO :Mon Mar 22 2021 20:36:40 GMT+0530 (India Standard Time): Trade added in 171ms
INFO :Mon Mar 22 2021 20:36:44 GMT+0530 (India Standard Time): GET /api/trade to get all the trades
INFO :Mon Mar 22 2021 20:36:44 GMT+0530 (India Standard Time): Got all Trades in 4ms
DEBUG :Mon Mar 22 2021 20:36:49 GMT+0530 (India Standard Time): GET /api/trade/portfolio
INFO :Mon Mar 22 2021 20:36:49 GMT+0530 (India Standard Time): Trade Details fetched in 5ms
DEBUG :Mon Mar 22 2021 20:36:55 GMT+0530 (India Standard Time): GET /api/trade/returns
INFO :Mon Mar 22 2021 20:36:55 GMT+0530 (India Standard Time): Returns Details fetched in 9ms
INFO :Mon Mar 22 2021 20:37:19 GMT+0530 (India Standard Time): POST /api/trade to add a new trade
INFO :Mon Mar 22 2021 20:37:19 GMT+0530 (India Standard Time): New Trade added as no entry for this stock in holdings
INFO :Mon Mar 22 2021 20:37:19 GMT+0530 (India Standard Time): Trade added in 102ms
INFO :Mon Mar 22 2021 20:37:22 GMT+0530 (India Standard Time): GET /api/trade to get all the trades
INFO :Mon Mar 22 2021 20:37:22 GMT+0530 (India Standard Time): Got all Trades in 13ms
DEBUG :Mon Mar 22 2021 20:37:25 GMT+0530 (India Standard Time): GET /api/trade/portfolio
INFO :Mon Mar 22 2021 20:37:25 GMT+0530 (India Standard Time): Trade Details fetched in 6ms
INFO :Mon Mar 22 2021 20:37:51 GMT+0530 (India Standard Time): POST /api/trade to add a new trade
INFO :Mon Mar 22 2021 20:37:51 GMT+0530 (India Standard Time): Trade added, stock already present
INFO :Mon Mar 22 2021 20:37:51 GMT+0530 (India Standard Time): Trade added in 128ms
INFO :Mon Mar 22 2021 20:37:55 GMT+0530 (India Standard Time): GET /api/trade to get all the trades
INFO :Mon Mar 22 2021 20:37:55 GMT+0530 (India Standard Time): Got all Trades in 4ms
DEBUG :Mon Mar 22 2021 20:38:01 GMT+0530 (India Standard Time): GET /api/trade/portfolio
INFO :Mon Mar 22 2021 20:38:01 GMT+0530 (India Standard Time): Trade Details fetched in 4ms
INFO :Mon Mar 22 2021 20:40:33 GMT+0530 (India Standard Time): POST /api/trade to add a new trade
INFO :Mon Mar 22 2021 20:40:34 GMT+0530 (India Standard Time): Trade added, stock already present
INFO :Mon Mar 22 2021 20:40:34 GMT+0530 (India Standard Time): Trade added in 222ms
DEBUG :Mon Mar 22 2021 20:40:38 GMT+0530 (India Standard Time): GET /api/trade/portfolio
INFO :Mon Mar 22 2021 20:40:38 GMT+0530 (India Standard Time): Trade Details fetched in 7ms
INFO :Mon Mar 22 2021 20:42:31 GMT+0530 (India Standard Time): POST /api/trade to add a new trade
INFO :Mon Mar 22 2021 20:42:31 GMT+0530 (India Standard Time): Trade added in 414ms
INFO :Mon Mar 22 2021 20:42:52 GMT+0530 (India Standard Time): POST /api/trade to add a new trade
INFO :Mon Mar 22 2021 20:42:52 GMT+0530 (India Standard Time): New Trade added as no entry for this stock in holdings
INFO :Mon Mar 22 2021 20:42:52 GMT+0530 (India Standard Time): Trade added in 177ms
INFO :Mon Mar 22 2021 20:43:13 GMT+0530 (India Standard Time): POST /api/trade to add a new trade
INFO :Mon Mar 22 2021 20:43:13 GMT+0530 (India Standard Time): New Trade added as no entry for this stock in holdings
INFO :Mon Mar 22 2021 20:43:13 GMT+0530 (India Standard Time): Trade added in 53ms
DEBUG :Mon Mar 22 2021 20:43:16 GMT+0530 (India Standard Time): GET /api/trade/portfolio
INFO :Mon Mar 22 2021 20:43:16 GMT+0530 (India Standard Time): Trade Details fetched in 6ms
INFO :Mon Mar 22 2021 20:43:31 GMT+0530 (India Standard Time): POST /api/trade to add a new trade
INFO :Mon Mar 22 2021 20:43:31 GMT+0530 (India Standard Time): Trade added, stock already present
INFO :Mon Mar 22 2021 20:43:31 GMT+0530 (India Standard Time): Trade added in 96ms
DEBUG :Mon Mar 22 2021 20:43:36 GMT+0530 (India Standard Time): GET /api/trade/portfolio
INFO :Mon Mar 22 2021 20:43:36 GMT+0530 (India Standard Time): Trade Details fetched in 5ms
INFO :Mon Mar 22 2021 20:45:51 GMT+0530 (India Standard Time): POST /api/trade to add a new trade
INFO :Mon Mar 22 2021 20:45:51 GMT+0530 (India Standard Time): Trade added, stock already present
INFO :Mon Mar 22 2021 20:45:51 GMT+0530 (India Standard Time): Trade added in 158ms
DEBUG :Mon Mar 22 2021 20:45:54 GMT+0530 (India Standard Time): GET /api/trade/portfolio
INFO :Mon Mar 22 2021 20:45:54 GMT+0530 (India Standard Time): Trade Details fetched in 9ms
INFO :Mon Mar 22 2021 20:46:16 GMT+0530 (India Standard Time): GET /api/trade to get all the trades
INFO :Mon Mar 22 2021 20:46:16 GMT+0530 (India Standard Time): Got all Trades in 18ms
DEBUG :Mon Mar 22 2021 20:46:24 GMT+0530 (India Standard Time): DELETE /api/trade/portfolio
INFO :Mon Mar 22 2021 20:46:24 GMT+0530 (India Standard Time): Trade rollacked ms
INFO :Mon Mar 22 2021 20:46:24 GMT+0530 (India Standard Time): Trade deleted in 274ms
DEBUG :Mon Mar 22 2021 20:46:29 GMT+0530 (India Standard Time): GET /api/trade/portfolio
INFO :Mon Mar 22 2021 20:46:29 GMT+0530 (India Standard Time): Trade Details fetched in 7ms
INFO :Mon Mar 22 2021 20:46:40 GMT+0530 (India Standard Time): GET /api/trade to get all the trades
INFO :Mon Mar 22 2021 20:46:41 GMT+0530 (India Standard Time): Got all Trades in 10ms
DEBUG :Mon Mar 22 2021 20:49:00 GMT+0530 (India Standard Time): GET /api/trade/portfolio
INFO :Mon Mar 22 2021 20:49:00 GMT+0530 (India Standard Time): Trade Details fetched in 34ms
INFO :Mon Mar 22 2021 20:49:07 GMT+0530 (India Standard Time): GET /api/trade to get all the trades
INFO :Mon Mar 22 2021 20:49:07 GMT+0530 (India Standard Time): Got all Trades in 21ms
DEBUG :Mon Mar 22 2021 20:49:17 GMT+0530 (India Standard Time): DELETE /api/trade/portfolio
INFO :Mon Mar 22 2021 20:49:17 GMT+0530 (India Standard Time): Trade rollacked ms
INFO :Mon Mar 22 2021 20:49:17 GMT+0530 (India Standard Time): Trade deleted in 132ms
DEBUG :Mon Mar 22 2021 20:49:30 GMT+0530 (India Standard Time): GET /api/trade/portfolio
INFO :Mon Mar 22 2021 20:49:30 GMT+0530 (India Standard Time): Trade Details fetched in 6ms
INFO :Mon Mar 22 2021 20:50:08 GMT+0530 (India Standard Time): GET /api/trade to get all the trades
INFO :Mon Mar 22 2021 20:50:08 GMT+0530 (India Standard Time): Got all Trades in 13ms
DEBUG :Mon Mar 22 2021 20:53:47 GMT+0530 (India Standard Time): PUT /api/trade/id to edit a trade
INFO :Mon Mar 22 2021 20:53:47 GMT+0530 (India Standard Time): Trade rollacked ms
ERROR :Mon Mar 22 2021 20:53:47 GMT+0530 (India Standard Time): something went wrong ReferenceError: Trade is not defined
DEBUG :Mon Mar 22 2021 20:54:19 GMT+0530 (India Standard Time): PUT /api/trade/id to edit a trade
ERROR :Mon Mar 22 2021 20:54:19 GMT+0530 (India Standard Time): something went wrong ReferenceError: e is not defined
INFO :Mon Mar 22 2021 20:54:39 GMT+0530 (India Standard Time): GET /api/trade to get all the trades
INFO :Mon Mar 22 2021 20:54:39 GMT+0530 (India Standard Time): Got all Trades in 21ms
DEBUG :Mon Mar 22 2021 20:54:44 GMT+0530 (India Standard Time): PUT /api/trade/id to edit a trade
ERROR :Mon Mar 22 2021 20:54:44 GMT+0530 (India Standard Time): something went wrong 
INFO :Mon Mar 22 2021 20:54:44 GMT+0530 (India Standard Time): Trade added, stock already present
INFO :Mon Mar 22 2021 20:54:44 GMT+0530 (India Standard Time): Trade updated in 153ms
ERROR :Mon Mar 22 2021 20:54:44 GMT+0530 (India Standard Time): something went wrong ReferenceError: data is not defined
DEBUG :Mon Mar 22 2021 20:56:36 GMT+0530 (India Standard Time): PUT /api/trade/id to edit a trade
ERROR :Mon Mar 22 2021 20:56:36 GMT+0530 (India Standard Time): something went wrong 
DEBUG :Mon Mar 22 2021 20:57:37 GMT+0530 (India Standard Time): PUT /api/trade/id to edit a trade
ERROR :Mon Mar 22 2021 20:57:37 GMT+0530 (India Standard Time): something went wrong 
DEBUG :Mon Mar 22 2021 20:59:04 GMT+0530 (India Standard Time): PUT /api/trade/id to edit a trade
ERROR :Mon Mar 22 2021 20:59:04 GMT+0530 (India Standard Time): something went wrong 
DEBUG :Mon Mar 22 2021 20:59:50 GMT+0530 (India Standard Time): PUT /api/trade/id to edit a trade
ERROR :Mon Mar 22 2021 20:59:50 GMT+0530 (India Standard Time): something went wrong 
DEBUG :Mon Mar 22 2021 21:00:48 GMT+0530 (India Standard Time): PUT /api/trade/id to edit a trade
ERROR :Mon Mar 22 2021 21:00:48 GMT+0530 (India Standard Time): something went wrong 
DEBUG :Mon Mar 22 2021 21:11:16 GMT+0530 (India Standard Time): PATCH /api/trade/id to edit a trade
ERROR :Mon Mar 22 2021 21:11:16 GMT+0530 (India Standard Time): something went wrong 
DEBUG :Mon Mar 22 2021 21:12:23 GMT+0530 (India Standard Time): PATCH /api/trade/id to edit a trade
ERROR :Mon Mar 22 2021 21:12:23 GMT+0530 (India Standard Time): something went wrong 
DEBUG :Mon Mar 22 2021 21:13:46 GMT+0530 (India Standard Time): PATCH /api/trade/id to edit a trade
ERROR :Mon Mar 22 2021 21:13:46 GMT+0530 (India Standard Time): something went wrong 
DEBUG :Mon Mar 22 2021 21:14:17 GMT+0530 (India Standard Time): GET /api/trade/returns
INFO :Mon Mar 22 2021 21:14:17 GMT+0530 (India Standard Time): Returns Details fetched in 90ms
DEBUG :Mon Mar 22 2021 21:14:20 GMT+0530 (India Standard Time): GET /api/trade/portfolio
INFO :Mon Mar 22 2021 21:14:20 GMT+0530 (India Standard Time): Trade Details fetched in 27ms
DEBUG :Mon Mar 22 2021 21:14:21 GMT+0530 (India Standard Time): GET /api/trade/portfolio
INFO :Mon Mar 22 2021 21:14:21 GMT+0530 (India Standard Time): Trade Details fetched in 26ms
INFO :Mon Mar 22 2021 22:47:15 GMT+0530 (India Standard Time): POST /api/trade to add a new trade
INFO :Mon Mar 22 2021 22:47:16 GMT+0530 (India Standard Time): Trade added in 332ms
INFO :Mon Mar 22 2021 22:47:39 GMT+0530 (India Standard Time): POST /api/trade to add a new trade
ERROR :Mon Mar 22 2021 22:47:39 GMT+0530 (India Standard Time): something went wrong SequelizeDatabaseError: Incorrect decimal value: '1,833.45' for column 'price' at row 1
INFO :Mon Mar 22 2021 22:47:57 GMT+0530 (India Standard Time): POST /api/trade to add a new trade
ERROR :Mon Mar 22 2021 22:47:57 GMT+0530 (India Standard Time): something went wrong SequelizeDatabaseError: Incorrect decimal value: '1,833.45' for column 'price' at row 1
INFO :Mon Mar 22 2021 22:49:08 GMT+0530 (India Standard Time): POST /api/trade to add a new trade
ERROR :Mon Mar 22 2021 22:49:09 GMT+0530 (India Standard Time): something went wrong SequelizeDatabaseError: Incorrect decimal value: '1,833.45' for column 'price' at row 1
INFO :Mon Mar 22 2021 22:49:24 GMT+0530 (India Standard Time): POST /api/trade to add a new trade
INFO :Mon Mar 22 2021 22:49:25 GMT+0530 (India Standard Time): Trade added in 338ms
INFO :Mon Mar 22 2021 22:50:07 GMT+0530 (India Standard Time): POST /api/trade to add a new trade
INFO :Mon Mar 22 2021 22:50:07 GMT+0530 (India Standard Time): New Trade added as no entry for this stock in holdings
INFO :Mon Mar 22 2021 22:50:07 GMT+0530 (India Standard Time): Trade added in 175ms
INFO :Mon Mar 22 2021 22:50:10 GMT+0530 (India Standard Time): GET /api/trade to get all the trades
INFO :Mon Mar 22 2021 22:50:10 GMT+0530 (India Standard Time): Got all Trades in 16ms
DEBUG :Mon Mar 22 2021 22:50:14 GMT+0530 (India Standard Time): GET /api/trade/portfolio
INFO :Mon Mar 22 2021 22:50:14 GMT+0530 (India Standard Time): Trade Details fetched in 5ms
DEBUG :Mon Mar 22 2021 22:50:27 GMT+0530 (India Standard Time): GET /api/trade/returns
INFO :Mon Mar 22 2021 22:50:27 GMT+0530 (India Standard Time): Returns Details fetched in 6ms
DEBUG :Mon Mar 22 2021 22:50:36 GMT+0530 (India Standard Time): PATCH /api/trade/id to edit a trade
INFO :Mon Mar 22 2021 22:50:36 GMT+0530 (India Standard Time): Trade rollacked ms
INFO :Mon Mar 22 2021 22:50:36 GMT+0530 (India Standard Time): Rollack successful in 72ms
INFO :Mon Mar 22 2021 22:50:36 GMT+0530 (India Standard Time): New Trade added as no entry for this stock in holdings
INFO :Mon Mar 22 2021 22:50:36 GMT+0530 (India Standard Time): Trade updated in 228ms
DEBUG :Mon Mar 22 2021 22:50:50 GMT+0530 (India Standard Time): GET /api/trade/returns
INFO :Mon Mar 22 2021 22:50:50 GMT+0530 (India Standard Time): Returns Details fetched in 4ms
DEBUG :Mon Mar 22 2021 22:50:54 GMT+0530 (India Standard Time): GET /api/trade/portfolio
INFO :Mon Mar 22 2021 22:50:54 GMT+0530 (India Standard Time): Trade Details fetched in 4ms
DEBUG :Mon Mar 22 2021 22:51:27 GMT+0530 (India Standard Time): PATCH /api/trade/id to edit a trade
INFO :Mon Mar 22 2021 22:51:27 GMT+0530 (India Standard Time): Trade rollacked ms
INFO :Mon Mar 22 2021 22:51:27 GMT+0530 (India Standard Time): Rollack successful in 23ms
DEBUG :Mon Mar 22 2021 23:10:37 GMT+0530 (India Standard Time): PATCH /api/trade/id to edit a trade
ERROR :Mon Mar 22 2021 23:10:37 GMT+0530 (India Standard Time): something went wrong 
INFO :Mon Mar 22 2021 23:12:05 GMT+0530 (India Standard Time): POST /api/trade to add a new trade
INFO :Mon Mar 22 2021 23:12:05 GMT+0530 (India Standard Time): Unable to add trade in 93ms
INFO :Mon Mar 22 2021 23:12:11 GMT+0530 (India Standard Time): GET /api/trade to get all the trades
INFO :Mon Mar 22 2021 23:12:11 GMT+0530 (India Standard Time): Got all Trades in 17ms
DEBUG :Mon Mar 22 2021 23:12:42 GMT+0530 (India Standard Time): PATCH /api/trade/id to edit a trade
ERROR :Mon Mar 22 2021 23:12:42 GMT+0530 (India Standard Time): something went wrong 
INFO :Mon Mar 22 2021 23:13:31 GMT+0530 (India Standard Time): GET /api/trade to get all the trades
INFO :Mon Mar 22 2021 23:13:31 GMT+0530 (India Standard Time): Got all Trades in 15ms
DEBUG :Mon Mar 22 2021 23:13:34 GMT+0530 (India Standard Time): PATCH /api/trade/id to edit a trade
ERROR :Mon Mar 22 2021 23:13:34 GMT+0530 (India Standard Time): something went wrong 
DEBUG :Mon Mar 22 2021 23:14:47 GMT+0530 (India Standard Time): PATCH /api/trade/id to edit a trade
ERROR :Mon Mar 22 2021 23:14:47 GMT+0530 (India Standard Time): something went wrong 
DEBUG :Mon Mar 22 2021 23:15:20 GMT+0530 (India Standard Time): PATCH /api/trade/id to edit a trade
ERROR :Mon Mar 22 2021 23:15:20 GMT+0530 (India Standard Time): Can't update as not enough shares
INFO :Mon Mar 22 2021 23:17:26 GMT+0530 (India Standard Time): POST /api/trade to add a new trade
INFO :Mon Mar 22 2021 23:17:27 GMT+0530 (India Standard Time): Trade added in 329ms
INFO :Mon Mar 22 2021 23:17:33 GMT+0530 (India Standard Time): GET /api/trade to get all the trades
INFO :Mon Mar 22 2021 23:17:33 GMT+0530 (India Standard Time): Got all Trades in 13ms
DEBUG :Mon Mar 22 2021 23:17:38 GMT+0530 (India Standard Time): GET /api/trade/portfolio
INFO :Mon Mar 22 2021 23:17:38 GMT+0530 (India Standard Time): Trade Details fetched in 9ms
INFO :Mon Mar 22 2021 23:21:10 GMT+0530 (India Standard Time): POST /api/trade to add a new trade
ERROR :Mon Mar 22 2021 23:21:11 GMT+0530 (India Standard Time): something went wrong ReferenceError: total_quantity is not defined
INFO :Mon Mar 22 2021 23:21:41 GMT+0530 (India Standard Time): POST /api/trade to add a new trade
INFO :Mon Mar 22 2021 23:22:24 GMT+0530 (India Standard Time): POST /api/trade to add a new trade
ERROR :Mon Mar 22 2021 23:22:24 GMT+0530 (India Standard Time): Can't update as not enough shares
INFO :Mon Mar 22 2021 23:24:28 GMT+0530 (India Standard Time): POST /api/trade to add a new trade
ERROR :Mon Mar 22 2021 23:24:28 GMT+0530 (India Standard Time): Trade cannot be added as not enough shares to SELL
INFO :Mon Mar 22 2021 23:24:32 GMT+0530 (India Standard Time): GET /api/trade to get all the trades
INFO :Mon Mar 22 2021 23:24:32 GMT+0530 (India Standard Time): Got all Trades in 23ms
INFO :Mon Mar 22 2021 23:24:56 GMT+0530 (India Standard Time): POST /api/trade to add a new trade
ERROR :Mon Mar 22 2021 23:24:56 GMT+0530 (India Standard Time): Trade cannot be added as not enough shares to SELL
INFO :Mon Mar 22 2021 23:24:59 GMT+0530 (India Standard Time): POST /api/trade to add a new trade
ERROR :Mon Mar 22 2021 23:24:59 GMT+0530 (India Standard Time): Trade cannot be added as not enough shares to SELL
INFO :Mon Mar 22 2021 23:26:43 GMT+0530 (India Standard Time): POST /api/trade to add a new trade
INFO :Mon Mar 22 2021 23:26:43 GMT+0530 (India Standard Time): Trade added in 308ms
INFO :Mon Mar 22 2021 23:26:46 GMT+0530 (India Standard Time): GET /api/trade to get all the trades
INFO :Mon Mar 22 2021 23:26:46 GMT+0530 (India Standard Time): Got all Trades in 17ms
DEBUG :Mon Mar 22 2021 23:26:49 GMT+0530 (India Standard Time): GET /api/trade/portfolio
INFO :Mon Mar 22 2021 23:26:49 GMT+0530 (India Standard Time): Trade Details fetched in 11ms
DEBUG :Mon Mar 22 2021 23:26:54 GMT+0530 (India Standard Time): GET /api/trade/returns
INFO :Mon Mar 22 2021 23:26:54 GMT+0530 (India Standard Time): Returns Details fetched in 10ms
INFO :Mon Mar 22 2021 23:27:19 GMT+0530 (India Standard Time): POST /api/trade to add a new trade
INFO :Mon Mar 22 2021 23:27:19 GMT+0530 (India Standard Time): New Trade added as no entry for this stock in holdings
INFO :Mon Mar 22 2021 23:27:19 GMT+0530 (India Standard Time): Trade added in 97ms
INFO :Mon Mar 22 2021 23:27:40 GMT+0530 (India Standard Time): POST /api/trade to add a new trade
INFO :Mon Mar 22 2021 23:27:40 GMT+0530 (India Standard Time): New Trade added as no entry for this stock in holdings
INFO :Mon Mar 22 2021 23:27:40 GMT+0530 (India Standard Time): Trade added in 84ms
INFO :Mon Mar 22 2021 23:27:43 GMT+0530 (India Standard Time): GET /api/trade to get all the trades
INFO :Mon Mar 22 2021 23:27:43 GMT+0530 (India Standard Time): Got all Trades in 9ms
DEBUG :Mon Mar 22 2021 23:27:47 GMT+0530 (India Standard Time): GET /api/trade/portfolio
INFO :Mon Mar 22 2021 23:27:47 GMT+0530 (India Standard Time): Trade Details fetched in 5ms
INFO :Mon Mar 22 2021 23:28:02 GMT+0530 (India Standard Time): POST /api/trade to add a new trade
INFO :Mon Mar 22 2021 23:28:03 GMT+0530 (India Standard Time): Trade added, stock already present
INFO :Mon Mar 22 2021 23:28:03 GMT+0530 (India Standard Time): Trade added in 117ms
INFO :Mon Mar 22 2021 23:28:06 GMT+0530 (India Standard Time): GET /api/trade to get all the trades
INFO :Mon Mar 22 2021 23:28:06 GMT+0530 (India Standard Time): Got all Trades in 5ms
DEBUG :Mon Mar 22 2021 23:28:12 GMT+0530 (India Standard Time): GET /api/trade/portfolio
INFO :Mon Mar 22 2021 23:28:12 GMT+0530 (India Standard Time): Trade Details fetched in 4ms
INFO :Mon Mar 22 2021 23:30:50 GMT+0530 (India Standard Time): GET /api/trade to get all the trades
INFO :Mon Mar 22 2021 23:30:50 GMT+0530 (India Standard Time): Got all Trades in 18ms
DEBUG :Mon Mar 22 2021 23:30:53 GMT+0530 (India Standard Time): GET /api/trade/portfolio
INFO :Mon Mar 22 2021 23:30:53 GMT+0530 (India Standard Time): Trade Details fetched in 39ms
DEBUG :Mon Mar 22 2021 23:30:59 GMT+0530 (India Standard Time): GET /api/trade/returns
INFO :Mon Mar 22 2021 23:30:59 GMT+0530 (India Standard Time): Returns Details fetched in 6ms
INFO :Mon Mar 22 2021 23:41:53 GMT+0530 (India Standard Time): POST /api/trade to add a new trade
INFO :Mon Mar 22 2021 23:41:53 GMT+0530 (India Standard Time): Trade added, stock already present
INFO :Mon Mar 22 2021 23:41:53 GMT+0530 (India Standard Time): Trade added in 171ms
DEBUG :Mon Mar 22 2021 23:41:57 GMT+0530 (India Standard Time): GET /api/trade/portfolio
INFO :Mon Mar 22 2021 23:41:57 GMT+0530 (India Standard Time): Trade Details fetched in 8ms
DEBUG :Mon Mar 22 2021 23:42:01 GMT+0530 (India Standard Time): GET /api/trade/returns
INFO :Mon Mar 22 2021 23:42:01 GMT+0530 (India Standard Time): Returns Details fetched in 10ms
DEBUG :Mon Mar 22 2021 23:42:16 GMT+0530 (India Standard Time): DELETE /api/trade/portfolio
INFO :Mon Mar 22 2021 23:42:16 GMT+0530 (India Standard Time): Trade rollacked ms
INFO :Mon Mar 22 2021 23:42:16 GMT+0530 (India Standard Time): Trade deleted in 163ms
DEBUG :Mon Mar 22 2021 23:42:19 GMT+0530 (India Standard Time): GET /api/trade/returns
INFO :Mon Mar 22 2021 23:42:19 GMT+0530 (India Standard Time): Returns Details fetched in 5ms
DEBUG :Mon Mar 22 2021 23:42:23 GMT+0530 (India Standard Time): GET /api/trade/portfolio
INFO :Mon Mar 22 2021 23:42:23 GMT+0530 (India Standard Time): Trade Details fetched in 5ms
INFO :Mon Mar 22 2021 23:42:27 GMT+0530 (India Standard Time): GET /api/trade to get all the trades
INFO :Mon Mar 22 2021 23:42:27 GMT+0530 (India Standard Time): Got all Trades in 102ms
DEBUG :Mon Mar 22 2021 23:42:45 GMT+0530 (India Standard Time): PATCH /api/trade/id to edit a trade
INFO :Mon Mar 22 2021 23:42:45 GMT+0530 (India Standard Time): Trade rollacked ms
INFO :Mon Mar 22 2021 23:42:45 GMT+0530 (India Standard Time): Rollack successful in 159ms
INFO :Mon Mar 22 2021 23:42:45 GMT+0530 (India Standard Time): Trade rollacked ms
INFO :Mon Mar 22 2021 23:42:45 GMT+0530 (India Standard Time): Trade updated in 205ms
DEBUG :Mon Mar 22 2021 23:42:50 GMT+0530 (India Standard Time): GET /api/trade/returns
INFO :Mon Mar 22 2021 23:42:50 GMT+0530 (India Standard Time): Returns Details fetched in 4ms
DEBUG :Mon Mar 22 2021 23:42:53 GMT+0530 (India Standard Time): GET /api/trade/portfolio
INFO :Mon Mar 22 2021 23:42:53 GMT+0530 (India Standard Time): Trade Details fetched in 5ms
INFO :Mon Mar 22 2021 23:42:58 GMT+0530 (India Standard Time): GET /api/trade to get all the trades
INFO :Mon Mar 22 2021 23:42:58 GMT+0530 (India Standard Time): Got all Trades in 149ms
DEBUG :Mon Mar 22 2021 23:44:39 GMT+0530 (India Standard Time): GET /api/trade/returns
INFO :Mon Mar 22 2021 23:44:39 GMT+0530 (India Standard Time): Returns Details fetched in 38ms
DEBUG :Mon Mar 22 2021 23:44:42 GMT+0530 (India Standard Time): GET /api/trade/portfolio
INFO :Mon Mar 22 2021 23:44:42 GMT+0530 (India Standard Time): Trade Details fetched in 8ms
DEBUG :Mon Mar 22 2021 23:45:17 GMT+0530 (India Standard Time): GET /api/trade/id
ERROR :Mon Mar 22 2021 23:45:17 GMT+0530 (India Standard Time): something went wrong ReferenceError: Trade is not defined
DEBUG :Mon Mar 22 2021 23:45:36 GMT+0530 (India Standard Time): GET /api/trade/id
INFO :Mon Mar 22 2021 23:45:36 GMT+0530 (India Standard Time): Trade Details fetched in 17ms
DEBUG :Mon Mar 22 2021 23:48:09 GMT+0530 (India Standard Time): GET /api/trade/id
INFO :Mon Mar 22 2021 23:48:09 GMT+0530 (India Standard Time): Trade Details fetched in 27ms
DEBUG :Mon Mar 22 2021 23:48:25 GMT+0530 (India Standard Time): GET /api/trade/id
INFO :Mon Mar 22 2021 23:48:25 GMT+0530 (India Standard Time): Trade Details fetched in 17ms
